<?xml version="1.0" encoding="UTF-8"?>
<!-- Generated by org.testng.reporters.JUnitReportReporter -->
<testsuite skipped="0" hostname="Ravi-PC" name="org.devlab.ui.testbed.RegistrationTest" tests="1" failures="0" timestamp="2020-05-02T20:59:51 IST" time="11.489" errors="0">
  <testcase name="register_user_with_valid_setof_data" time="11.489" classname="org.devlab.ui.testbed.RegistrationTest"/>
  <system-out/>
</testsuite> <!-- org.devlab.ui.testbed.RegistrationTest -->
