<?xml version="1.0" encoding="UTF-8"?>
<!-- Generated by org.testng.reporters.JUnitReportReporter -->
<testsuite skipped="0" hostname="Ravi-PC" name="org.devlab.ui.testbed.RegistrationTest" tests="2" failures="0" timestamp="2020-04-26T21:54:55 IST" time="39.868" errors="0">
  <testcase name="register_user_with_valid_setof_data" time="16.906" classname="org.devlab.ui.testbed.RegistrationTest"/>
  <system-out/>
  <testcase name="register_user_with_valid_setof_data" time="22.962" classname="org.devlab.ui.testbed.RegistrationTest"/>
  <system-out/>
</testsuite> <!-- org.devlab.ui.testbed.RegistrationTest -->
